Added Component: Designator=C1(C1)
Added Component: Designator=C2(C2)
Added Component: Designator=L1(L1,L5)
Added Component: Designator=L2(L2,L4)
Added Component: Designator=L3(L3)
Added Component: Designator=L4(L2,L4)
Added Component: Designator=L5(L1,L5)
Added Component: Designator=Pin1(Pin)
Added Component: Designator=Pin2(Pin)
Added Pin To Net: NetName=NetC1_1 Pin=C1-1
Added Pin To Net: NetName=NetC1_2 Pin=C1-2
Added Pin To Net: NetName=NetC1_2 Pin=C2-1
Added Pin To Net: NetName=NetC2_2 Pin=C2-2
Added Pin To Net: NetName=GND Pin=L1-1
Added Pin To Net: NetName=NetC1_1 Pin=L1-2
Added Pin To Net: NetName=NetC1_1 Pin=L2-1
Added Pin To Net: NetName=NetC1_2 Pin=L2-2
Added Pin To Net: NetName=GND Pin=L3-1
Added Pin To Net: NetName=NetC1_2 Pin=L3-2
Added Pin To Net: NetName=NetC1_2 Pin=L4-1
Added Pin To Net: NetName=NetC2_2 Pin=L4-2
Added Pin To Net: NetName=GND Pin=L5-1
Added Pin To Net: NetName=NetC2_2 Pin=L5-2
Added Pin To Net: NetName=NetC1_1 Pin=Pin1-1
Added Pin To Net: NetName=NetC2_2 Pin=Pin2-1
Added Member To Class: ClassName=Sheet3 Member=Component C1
Added Member To Class: ClassName=Sheet3 Member=Component C2
Added Member To Class: ClassName=Sheet3 Member=Component L1 L1,L5
Added Member To Class: ClassName=Sheet3 Member=Component L2 L2,L4
Added Member To Class: ClassName=Sheet3 Member=Component L3
Added Member To Class: ClassName=Sheet3 Member=Component L4 L2,L4
Added Member To Class: ClassName=Sheet3 Member=Component L5 L1,L5
Added Member To Class: ClassName=Sheet3 Member=Component Pin1 Pin
Added Member To Class: ClassName=Sheet3 Member=Component Pin2 Pin
Added Room: Name=Sheet3
