Added Component: Designator=C1(C1)
Added Component: Designator=C2(C2)
Added Component: Designator=L2(L2,L4)
Added Component: Designator=L3(L3)
Added Component: Designator=L4(L2,L4)
Added Pin To Net: NetName=NetL3_2 Pin=C1-1
Added Pin To Net: NetName=NetC8_1 Pin=C1-2
Added Pin To Net: NetName=NetC8_1 Pin=C2-1
Added Pin To Net: NetName=NetC7_1 Pin=C2-2
Added Pin To Net: NetName=NetL3_2 Pin=L2-1
Added Pin To Net: NetName=NetC8_1 Pin=L2-2
Added Pin To Net: NetName=GND Pin=L3-1
Added Pin To Net: NetName=NetC8_1 Pin=L3-2
Added Pin To Net: NetName=NetC8_1 Pin=L4-1
Added Pin To Net: NetName=NetC7_1 Pin=L4-2
Change Net Name : Old Net Name=NetC7_1 New Net Name=NetC2_2
Change Net Name : Old Net Name=NetC8_1 New Net Name=NetC1_2
Change Net Name : Old Net Name=NetL3_2 New Net Name=NetC1_1
Change Class Name : Old Net Name=Sheet2 New Net Name=Sheet3
Added Member To Class: ClassName=Sheet3 Member=Component C1
Added Member To Class: ClassName=Sheet3 Member=Component C2
Added Member To Class: ClassName=Sheet3 Member=Component L2 L2,L4
Added Member To Class: ClassName=Sheet3 Member=Component L3
Added Member To Class: ClassName=Sheet3 Member=Component L4 L2,L4
Added Room: Name=Sheet3
