Added Component: Designator=C1(C1,C4(0805))
Added Component: Designator=C2(C2(0603))
Added Component: Designator=C3(C3(1206))
Added Component: Designator=C4(C1,C4(0805))
Added Component: Designator=L1(L1,L4,L3)
Added Component: Designator=L2(L2)
Added Component: Designator=L3(L1,L4,L3)
Added Component: Designator=L4(L1,L4,L3)
Added Component: Designator=Pin1(L2)
Added Component: Designator=Pin2(Pin)
Added Pin To Net: NetName=NetC1_1 Pin=C1-1
Added Pin To Net: NetName=GND Pin=C1-2
Added Pin To Net: NetName=NetC2_1 Pin=C2-1
Added Pin To Net: NetName=NetC2_2 Pin=C2-2
Added Pin To Net: NetName=NetC3_1 Pin=C3-1
Added Pin To Net: NetName=NetC2_2 Pin=C3-2
Added Pin To Net: NetName=NetC4_1 Pin=C4-1
Added Pin To Net: NetName=GND Pin=C4-2
Added Pin To Net: NetName=NetC1_1 Pin=L1-1
Added Pin To Net: NetName=NetC3_1 Pin=L1-2
Added Pin To Net: NetName=NetC2_1 Pin=L2-1
Added Pin To Net: NetName=NetC3_1 Pin=L2-1
Added Pin To Net: NetName=NetC3_1 Pin=L3-1
Added Pin To Net: NetName=NetC2_2 Pin=L3-2
Added Pin To Net: NetName=NetC2_2 Pin=L4-1
Added Pin To Net: NetName=NetC4_1 Pin=L4-2
Added Pin To Net: NetName=NetC3_1 Pin=Pin1-1
Added Pin To Net: NetName=NetC2_2 Pin=Pin2-1
Added Member To Class: ClassName=Sheet Member=Component C1 C1,C4
Added Member To Class: ClassName=Sheet Member=Component C2
Added Member To Class: ClassName=Sheet Member=Component C3
Added Member To Class: ClassName=Sheet Member=Component C4 C1,C4
Added Member To Class: ClassName=Sheet Member=Component L1 L1,L4,L3
Added Member To Class: ClassName=Sheet Member=Component L2
Added Member To Class: ClassName=Sheet Member=Component L3 L1,L4,L3
Added Member To Class: ClassName=Sheet Member=Component L4 L1,L4,L3
Added Member To Class: ClassName=Sheet Member=Component Pin1 Comment
Added Member To Class: ClassName=Sheet Member=Component Pin2 Pin
Added Room: Name=Sheet
