Added Component: Designator=C1(C1,C3)
Added Component: Designator=C2(C2)
Added Component: Designator=L1(L1,L2,L3)
Added Component: Designator=L2(L1,L2,L3)
Added Component: Designator=L3(L1,L2,L3)
Added Component: Designator=PIN1(PIN)
Added Component: Designator=PIN2(PIN)
Added Pin To Net: NetName=NetC1_1 Pin=C1-1
Added Pin To Net: NetName=NetC1_1 Pin=L1-1
Added Pin To Net: NetName=NetC1_1 Pin=L3-1
Added Net: Name=NetC1_1
Added Pin To Net: NetName=NetC1_2 Pin=C1-2
Added Pin To Net: NetName=NetC1_2 Pin=L1-2
Added Pin To Net: NetName=NetC1_2 Pin=L2-1
Added Pin To Net: NetName=NetC1_2 Pin=PIN1-1
Added Net: Name=NetC1_2
Added Pin To Net: NetName=NetC2_1 Pin=C2-1
Added Pin To Net: NetName=NetC2_1 Pin=L2-2
Added Net: Name=NetC2_1
Added Pin To Net: NetName=NetC2_2 Pin=C2-2
Added Pin To Net: NetName=NetC2_2 Pin=L3-2
Added Pin To Net: NetName=NetC2_2 Pin=PIN2-1
Added Net: Name=NetC2_2
Added Class: Name=Sheet4
Added Room: Name=Sheet4
